<?xml version="1.0" encoding="UTF-8"?>
<testsuite xmlns:xsi="http://www.w3.org/2001/XMLSchema-instance" xsi:noNamespaceSchemaLocation="https://maven.apache.org/surefire/maven-surefire-plugin/xsd/surefire-test-report-3.0.xsd" version="3.0" name="com.payment.RazorPayApplicationTests" time="10.784" tests="1" errors="0" skipped="0" failures="0">
  <properties>
[...]
</properties>
  <testcase name="contextLoads" classname="com.payment.RazorPayApplicationTests" time="0.845">
    <system-out><![CDATA[12:45:53.985 [main] INFO org.springframework.test.context.support.AnnotationConfigContextLoaderUtils -- Could not detect default configuration classes for test class [com.payment.RazorPayApplicationTests]: RazorPayApplicationTests does not declare any static, non-private, non-final, nested classes annotated with @Configuration.
12:45:54.155 [main] INFO org.springframework.boot.test.context.SpringBootTestContextBootstrapper -- Found @SpringBootConfiguration com.payment.RazorPayApplication for test class com.payment.RazorPayApplicationTests

  .   ____          _            __ _ _
 /\\ / ___'_ __ _ _(_)_ __  __ _ \ \ \ \
( ( )\___ | '_ | '_| | '_ \/ _` | \ \ \ \
 \\/  ___)| |_)| | | | | || (_| |  ) ) ) )
  '  |____| .__|_| |_|_| |_\__, | / / / /
 =========|_|==============|___/=/_/_/_/
 :: Spring Boot ::                (v3.1.5)

2023-11-27T12:45:55.147+05:30  WARN 15838 --- [           main] ory$DuplicateJsonObjectContextCustomizer : 

Found multiple occurrences of org.json.JSONObject on the class path:

	jar:file:/home/neosoft/.m2/repository/com/vaadin/external/google/android-json/0.0.20131108.vaadin1/android-json-0.0.20131108.vaadin1.jar!/org/json/JSONObject.class
	jar:file:/home/neosoft/.m2/repository/org/json/json/20180130/json-20180130.jar!/org/json/JSONObject.class

You may wish to exclude one of them to ensure predictable runtime behavior

2023-11-27T12:45:55.220+05:30  INFO 15838 --- [           main] com.payment.RazorPayApplicationTests     : Starting RazorPayApplicationTests using Java 17.0.7 with PID 15838 (started by neosoft in /home/neosoft/Videos/POC_LIST/MiniProject/PaymentService)
2023-11-27T12:45:55.221+05:30  INFO 15838 --- [           main] com.payment.RazorPayApplicationTests     : No active profile set, falling back to 1 default profile: "default"
2023-11-27T12:45:56.759+05:30  INFO 15838 --- [           main] .s.d.r.c.RepositoryConfigurationDelegate : Bootstrapping Spring Data JPA repositories in DEFAULT mode.
2023-11-27T12:45:56.954+05:30  INFO 15838 --- [           main] .s.d.r.c.RepositoryConfigurationDelegate : Finished Spring Data repository scanning in 185 ms. Found 1 JPA repository interfaces.
2023-11-27T12:45:57.363+05:30  INFO 15838 --- [           main] o.s.cloud.context.scope.GenericScope     : BeanFactory id=8ef03e54-20f2-3a6c-a738-1e0c480eaab6
2023-11-27T12:45:57.859+05:30  INFO 15838 --- [           main] o.hibernate.jpa.internal.util.LogHelper  : HHH000204: Processing PersistenceUnitInfo [name: default]
2023-11-27T12:45:57.906+05:30  INFO 15838 --- [           main] org.hibernate.Version                    : HHH000412: Hibernate ORM core version 6.2.13.Final
2023-11-27T12:45:57.908+05:30  INFO 15838 --- [           main] org.hibernate.cfg.Environment            : HHH000406: Using bytecode reflection optimizer
2023-11-27T12:45:58.204+05:30  INFO 15838 --- [           main] o.s.o.j.p.SpringPersistenceUnitInfo      : No LoadTimeWeaver setup: ignoring JPA class transformer
2023-11-27T12:45:58.250+05:30  INFO 15838 --- [           main] com.zaxxer.hikari.HikariDataSource       : HikariPool-1 - Starting...
2023-11-27T12:45:58.668+05:30  INFO 15838 --- [           main] com.zaxxer.hikari.pool.HikariPool        : HikariPool-1 - Added connection com.mysql.cj.jdbc.ConnectionImpl@d13379e
2023-11-27T12:45:58.670+05:30  INFO 15838 --- [           main] com.zaxxer.hikari.HikariDataSource       : HikariPool-1 - Start completed.
2023-11-27T12:45:58.714+05:30  WARN 15838 --- [           main] org.hibernate.orm.deprecation            : HHH90000025: MySQL8Dialect does not need to be specified explicitly using 'hibernate.dialect' (remove the property setting and it will be selected by default)
2023-11-27T12:45:58.715+05:30  WARN 15838 --- [           main] org.hibernate.orm.deprecation            : HHH90000026: MySQL8Dialect has been deprecated; use org.hibernate.dialect.MySQLDialect instead
2023-11-27T12:45:59.714+05:30  INFO 15838 --- [           main] o.h.e.t.j.p.i.JtaPlatformInitiator       : HHH000489: No JTA platform available (set 'hibernate.transaction.jta.platform' to enable JTA platform integration)
2023-11-27T12:45:59.821+05:30  INFO 15838 --- [           main] j.LocalContainerEntityManagerFactoryBean : Initialized JPA EntityManagerFactory for persistence unit 'default'
2023-11-27T12:46:00.528+05:30  WARN 15838 --- [           main] JpaBaseConfiguration$JpaWebConfiguration : spring.jpa.open-in-view is enabled by default. Therefore, database queries may be performed during view rendering. Explicitly configure spring.jpa.open-in-view to disable this warning
2023-11-27T12:46:02.577+05:30  INFO 15838 --- [           main] DiscoveryClientOptionalArgsConfiguration : Eureka HTTP Client uses RestTemplate.
2023-11-27T12:46:02.694+05:30  WARN 15838 --- [           main] iguration$LoadBalancerCaffeineWarnLogger : Spring Cloud LoadBalancer is currently working with the default cache. While this cache implementation is useful for development and tests, it's recommended to use Caffeine cache in production.You can switch to using Caffeine cache, by adding it and org.springframework.cache.caffeine.CaffeineCacheManager to the classpath.
2023-11-27T12:46:02.726+05:30  INFO 15838 --- [           main] o.s.c.n.eureka.InstanceInfoFactory       : Setting initial instance status as: STARTING
2023-11-27T12:46:02.840+05:30  INFO 15838 --- [           main] com.netflix.discovery.DiscoveryClient    : Initializing Eureka in region us-east-1
2023-11-27T12:46:02.876+05:30  INFO 15838 --- [           main] c.n.d.s.r.aws.ConfigClusterResolver      : Resolving eureka endpoints via configuration
2023-11-27T12:46:02.911+05:30  INFO 15838 --- [           main] com.netflix.discovery.DiscoveryClient    : Disable delta property : false
2023-11-27T12:46:02.911+05:30  INFO 15838 --- [           main] com.netflix.discovery.DiscoveryClient    : Single vip registry refresh property : null
2023-11-27T12:46:02.911+05:30  INFO 15838 --- [           main] com.netflix.discovery.DiscoveryClient    : Force full registry fetch : false
2023-11-27T12:46:02.911+05:30  INFO 15838 --- [           main] com.netflix.discovery.DiscoveryClient    : Application is null : false
2023-11-27T12:46:02.911+05:30  INFO 15838 --- [           main] com.netflix.discovery.DiscoveryClient    : Registered Applications size is zero : true
2023-11-27T12:46:02.911+05:30  INFO 15838 --- [           main] com.netflix.discovery.DiscoveryClient    : Application version is -1: true
2023-11-27T12:46:02.911+05:30  INFO 15838 --- [           main] com.netflix.discovery.DiscoveryClient    : Getting all instance registry info from the eureka server
2023-11-27T12:46:03.446+05:30  INFO 15838 --- [           main] com.netflix.discovery.DiscoveryClient    : The response status is 200
2023-11-27T12:46:03.448+05:30  INFO 15838 --- [           main] com.netflix.discovery.DiscoveryClient    : Starting heartbeat executor: renew interval is: 30
2023-11-27T12:46:03.452+05:30  INFO 15838 --- [           main] c.n.discovery.InstanceInfoReplicator     : InstanceInfoReplicator onDemand update allowed rate per min is 4
2023-11-27T12:46:03.459+05:30  INFO 15838 --- [           main] com.netflix.discovery.DiscoveryClient    : Discovery Client initialized at timestamp 1701069363458 with initial instances count: 0
2023-11-27T12:46:03.462+05:30  INFO 15838 --- [           main] o.s.c.n.e.s.EurekaServiceRegistry        : Registering application UNKNOWN with eureka with status UP
2023-11-27T12:46:03.463+05:30  INFO 15838 --- [           main] com.netflix.discovery.DiscoveryClient    : Saw local status change event StatusChangeEvent [timestamp=1701069363463, current=UP, previous=STARTING]
2023-11-27T12:46:03.465+05:30  INFO 15838 --- [nfoReplicator-0] com.netflix.discovery.DiscoveryClient    : DiscoveryClient_UNKNOWN/shadow:9091: registering service...
2023-11-27T12:46:03.504+05:30  INFO 15838 --- [           main] com.payment.RazorPayApplicationTests     : Started RazorPayApplicationTests in 9.054 seconds (process running for 10.813)
2023-11-27T12:46:03.617+05:30  INFO 15838 --- [nfoReplicator-0] com.netflix.discovery.DiscoveryClient    : DiscoveryClient_UNKNOWN/shadow:9091 - registration status: 204
]]></system-out>
  </testcase>
</testsuite>